

====================================================
Sun Feb 21 2021
Type of Log: credentials 
Log Data: 
Failure fetching password ID numerical data

====================================================
Sun Feb 21 2021
Type of Log: credentials 
Log Data: 
Failure fetching password ID numerical data

====================================================
Sun Feb 21 2021
Type of Log: credentials 
Log Data: 
Failure fetching password ID numerical data

====================================================
Sun Feb 21 2021
Type of Log: credentials 
Log Data: 
Failure fetching password ID numerical data

====================================================
Sun Feb 21 2021
Type of Log: credentials 
Log Data: 
Failure fetching password ID numerical data

====================================================
Sun Feb 21 2021
Type of Log: credentials 
Log Data: 
Failure fetching password ID numerical data

====================================================
Sun Feb 21 2021
Type of Log: credentials 
Log Data: 
Failure fetching password ID numerical data

====================================================
Sun Feb 21 2021
Type of Log: credentials 
Log Data: 
Successfully created user hitomi, email hitomikidahashi@student.midpac.edu, and role of student

====================================================
Sun Feb 21 2021
Type of Log: credentials 
Log Data: 
Successfully created user hitomi, email hitomikidahashi@student.midpac.edu, and role of student

====================================================
Sun Feb 21 2021
Type of Log: credentials 
Log Data: 
Successfully created user hitomi, email hitomikidahashi@student.midpac.edu, and role of student

====================================================
Sun Feb 21 2021
Type of Log: credentials 
Log Data: 
Successfully created user hitomi, email hitomikidahashi@student.midpac.edu, and role of student

====================================================
Sun Feb 21 2021
Type of Log: credentials 
Log Data: 
Successfully created user hitomi, email hitomikidahashi@student.midpac.edu, and role of student

====================================================
Sun Feb 21 2021
Type of Log: credentials 
Log Data: 
Successfully created user hitomi, email hitomikidahashi@student.midpac.edu, and role of student

====================================================
Sun Feb 21 2021
Type of Log: credentials 
Log Data: 
Successfully created user hitomi, email hitomikidahashi@student.midpac.edu, and role of student

====================================================
Sun Feb 21 2021
Type of Log: credentials 
Log Data: 
Successfully created user hitomi, email hitomikidahashi@student.midpac.edu, and role of student

====================================================
Sun Feb 21 2021
Type of Log: credentials 
Log Data: 
Successfully created user hitomi, email hitomikidahashi@student.midpac.edu, and role of student

====================================================
Sun Feb 21 2021
Type of Log: credentials 
Log Data: 
Successfully created user hitomi, email hitomikidahashi@student.midpac.edu, and role of student

====================================================
Sun Feb 21 2021
Type of Log: credentials 
Log Data: 
Successfully created user hitomi, email hitomikidahashi@student.midpac.edu, and role of student

====================================================
Sun Feb 21 2021
Type of Log: credentials 
Log Data: 
Successfully created user hitomi, email hitomikidahashi@student.midpac.edu, and role of student

====================================================
Sun Feb 21 2021
Type of Log: credentials 
Log Data: 
Successfully created user hitomi, email hitomikidahashi@student.midpac.edu, and role of student

====================================================
Sun Feb 21 2021
Type of Log: credentials 
Log Data: 
Successfully created user hitomi, email hitomikidahashi@student.midpac.edu, and role of student

====================================================
Sun Feb 21 2021
Type of Log: credentials 
Log Data: 
Successfully created user hitomi, email hitomikidahashi@student.midpac.edu, and role of student

====================================================
Sun Feb 21 2021
Type of Log: credentials 
Log Data: 
Successfully created user hitomi, email hitomikidahashi@student.midpac.edu, and role of student

====================================================
Sun Feb 21 2021
Type of Log: credentials 
Log Data: 
Successfully created user hitomi, email hitomikidahashi@student.midpac.edu, and role of student

====================================================
Sun Feb 21 2021
Type of Log: credentials 
Log Data: 
Successfully created user hitomi, email hitomikidahashi@student.midpac.edu, and role of student

====================================================
Sun Feb 21 2021
Type of Log: credentials 
Log Data: 
Successfully created user hitomi, email hitomikidahashi@student.midpac.edu, and role of student

====================================================
Sun Feb 21 2021
Type of Log: credentials 
Log Data: 
Successfully created user hitomi, email hitomikidahashi@student.midpac.edu, and role of student

====================================================
Sun Feb 21 2021
Type of Log: credentials 
Log Data: 
Successfully created user hitomi, email hitomikidahashi@student.midpac.edu, and role of student

====================================================
Sun Feb 21 2021
Type of Log: credentials 
Log Data: 
Successfully created user hitomi, email hitomikidahashi@student.midpac.edu, and role of student

====================================================
Sun Feb 21 2021
Type of Log: credentials 
Log Data: 
Successfully created user asdasdasda, email hitomikidahashi@student.midpac.edu, and role of student

====================================================
Sun Feb 21 2021
Type of Log: credentials 
Log Data: 
Successfully created user asdasdasda, email hitomikidahashi@student.midpac.edu, and role of student

====================================================
Sun Feb 21 2021
Type of Log: credentials 
Log Data: 
Successfully created user asdasdasda, email hitomikidahashi@student.midpac.edu, and role of student

====================================================
Sun Feb 21 2021
Type of Log: credentials 
Log Data: 
Successfully created user Hitomi, email hitomikidahashi@student.midpac.edu, and role of student

====================================================
Sun Feb 21 2021
Type of Log: credentials 
Log Data: 
Successfully created user Hitomi, email hitomikidahashi@student.midpac.edu, and role of student

====================================================
Sun Feb 21 2021
Type of Log: credentials 
Log Data: 
Successfully created user Hitomi, email hitomikidahashi@student.midpac.edu, and role of student

====================================================
Sun Feb 21 2021
Type of Log: credentials 
Log Data: 
Successfully created user Hitomi, email hitomikidahashi@student.midpac.edu, and role of student

====================================================
Sun Feb 21 2021
Type of Log: credentials 
Log Data: 
Successfully created user Hitomi, email hitomikidahashi@student.midpac.edu, and role of student