

====================================================
Wed Mar 03 2021
Type of Log: Errors 
Log Data: 
Err null

====================================================
Thu Mar 04 2021
Type of Log: Errors 
Log Data: 
Error

====================================================
Thu Mar 04 2021
Type of Log: Errors 
Log Data: 
Error

====================================================
Thu Mar 04 2021
Type of Log: Errors 
Log Data: 
Error

====================================================
Thu Mar 04 2021
Type of Log: Errors 
Log Data: 
Error

====================================================
Thu Mar 04 2021
Type of Log: Errors 
Log Data: 
Error

====================================================
Thu Mar 04 2021
Type of Log: Errors 
Log Data: 
Error

====================================================
Thu Mar 04 2021
Type of Log: Errors 
Log Data: 
Error

====================================================
Thu Mar 04 2021
Type of Log: Errors 
Log Data: 
Error

====================================================
Thu Mar 04 2021
Type of Log: Errors 
Log Data: 
Error

====================================================
Thu Mar 04 2021
Type of Log: Errors 
Log Data: 
Error

====================================================
Thu Mar 04 2021
Type of Log: Errors 
Log Data: 
Error

====================================================
Thu Mar 04 2021
Type of Log: Errors 
Log Data: 
Error

====================================================
Thu Mar 04 2021
Type of Log: Errors 
Log Data: 
Err error

====================================================
Thu Mar 04 2021
Type of Log: Errors 
Log Data: 
Err error

====================================================
Thu Mar 04 2021
Type of Log: Errors 
Log Data: 
Err error