

====================================================
Wed Mar 03 2021
Type of Log: myClass 
Log Data: 
Created Assignment Test ASsignment with ID 2

====================================================
Wed Mar 03 2021
Type of Log: myClass 
Log Data: 
Created Assignment Bluest Eye Seminar #1 with ID 3

====================================================
Wed Mar 03 2021
Type of Log: myClass 
Log Data: 
Created Assignment Bluest Eye Seminar #2 with ID 4

====================================================
Wed Mar 03 2021
Type of Log: myClass 
Log Data: 
Successfully Created Class The Written Voice with classID of 3 taught by Wheeler

====================================================
Wed Mar 03 2021
Type of Log: myClass 
Log Data: 
Created Assignment JW #1 with ID 5

====================================================
Wed Mar 03 2021
Type of Log: myClass 
Log Data: 
Created Assignment seminar 1 with ID 6

====================================================
Thu Mar 04 2021
Type of Log: myClass 
Log Data: 
Successfully Created Class Expository Writing with classID of 3 taught by Roland Nipps

====================================================
Thu Mar 04 2021
Type of Log: myClass 
Log Data: 
Created Assignment Seminar 1 with ID 1

====================================================
Thu Mar 04 2021
Type of Log: myClass 
Log Data: 
Created Assignment Seminar 2  with ID 2

====================================================
Sat Mar 20 2021
Type of Log: myClass 
Log Data: 
Created Assignment Seminar 2  with ID 1

====================================================
Sat Mar 20 2021
Type of Log: myClass 
Log Data: 
Created Assignment The Psyche In Literature with ID 1

====================================================
Sat Mar 20 2021
Type of Log: myClass 
Log Data: 
Created Assignment The Psyche In Literature with ID 2

====================================================
Sat Mar 20 2021
Type of Log: myClass 
Log Data: 
Created Assignment Bluest Eye Seminar 1 with ID 1

====================================================
Sun Mar 21 2021
Type of Log: myClass 
Log Data: 
Created Assignment Oedipus Seminar 1 with ID 2